<?xml version="1.0" encoding="UTF-8"?>
<!-- Generated by org.testng.reporters.JUnitReportReporter -->
<testsuite skipped="0" hostname="1024H9N02" name="com.personal.bhavik.seleniumTest.shutterfly.tests.HomePageTopPanelTests" tests="1" failures="0" timestamp="15 Aug 2018 16:50:19 GMT" time="20.154" errors="0">
  <testcase name="testCloseModalPopUP" time="20.154" classname="com.personal.bhavik.seleniumTest.shutterfly.tests.HomePageTopPanelTests"/>
</testsuite> <!-- com.personal.bhavik.seleniumTest.shutterfly.tests.HomePageTopPanelTests -->
