<?xml version="1.0" encoding="UTF-8"?>
<!-- Generated by org.testng.reporters.JUnitReportReporter -->
<testsuite skipped="0" hostname="W106STG9H2" name="com.personal.bhavik.seleniumTest.shutterfly.tests.HomePageTopPanelTests" tests="2" failures="0" timestamp="28 Aug 2018 19:01:22 GMT" time="23.294" errors="0">
  <testcase name="testCloseModalPopUP" time="12.234" classname="com.personal.bhavik.seleniumTest.shutterfly.tests.HomePageTopPanelTests"/>
  <testcase name="testShutterflyIcon" time="11.060" classname="com.personal.bhavik.seleniumTest.shutterfly.tests.HomePageTopPanelTests"/>
</testsuite> <!-- com.personal.bhavik.seleniumTest.shutterfly.tests.HomePageTopPanelTests -->
